<?xml version="1.0" encoding="UTF-8"?>
<testsuite name="ghost.AssetManagerTest" tests="5" skipped="0" failures="0" errors="0" timestamp="2020-11-22T12:08:42" hostname="Zis-MacBook-Pro.local" time="2.869">
  <properties/>
  <testcase name="simpleTest()" classname="ghost.AssetManagerTest" time="1.586"/>
  <testcase name="deathScreen()" classname="ghost.AssetManagerTest" time="0.486"/>
  <testcase name="debugMode()" classname="ghost.AssetManagerTest" time="0.179"/>
  <testcase name="userInput()" classname="ghost.AssetManagerTest" time="0.309"/>
  <testcase name="winning()" classname="ghost.AssetManagerTest" time="0.298"/>
  <system-out><![CDATA[]]></system-out>
  <system-err><![CDATA[java.util.ConcurrentModificationException
	at java.util.ArrayList$Itr.checkForComodification(ArrayList.java:911)
	at java.util.ArrayList$Itr.next(ArrayList.java:861)
	at ghost.AssetManager.draw(AssetManager.java:157)
	at ghost.App.draw(App.java:50)
	at processing.core.PApplet.handleDraw(PApplet.java:2426)
	at processing.awt.PSurfaceAWT$12.callDraw(PSurfaceAWT.java:1557)
	at processing.core.PSurfaceNone$AnimationThread.run(PSurfaceNone.java:316)
java.util.ConcurrentModificationException
	at java.util.ArrayList$Itr.checkForComodification(ArrayList.java:911)
	at java.util.ArrayList$Itr.next(ArrayList.java:861)
	at ghost.AssetManager.draw(AssetManager.java:149)
	at ghost.App.draw(App.java:50)
	at processing.core.PApplet.handleDraw(PApplet.java:2426)
	at processing.awt.PSurfaceAWT$12.callDraw(PSurfaceAWT.java:1557)
	at processing.core.PSurfaceNone$AnimationThread.run(PSurfaceNone.java:316)
]]></system-err>
</testsuite>
